2025-08-03 01:00:48 [INFO] Setting up directories...
2025-08-03 01:00:48 [INFO] Checking for latest Serena version and changelog...
2025-08-03 01:00:49 [INFO] Latest release: v0.1.3
2025-08-03 01:00:49 [INFO] ✓ Downloaded latest changelog
2025-08-03 01:00:51 [INFO] Current version: unknown
2025-08-03 01:00:51 [INFO] Analyzing changelog for new metadata fields and configuration options...
2025-08-03 01:00:51 [SUCCESS] ✓ Analysis complete. Report saved to update_analysis.txt
2025-08-03 01:00:51 [INFO] Creating backup and updating configuration...
2025-08-03 01:00:51 [INFO] ✓ Backed up serena_config.yaml
2025-08-03 01:00:51 [INFO] ✓ Backed up project.yml
2025-08-03 01:00:51 [INFO] ✓ Backed up memories directory
2025-08-03 01:00:51 [SUCCESS] ✓ Backup created at: /Users/killerkidbo/dotfiles/.serena/backups/backup_20250803_010051
2025-08-03 01:00:51 [INFO] Updating project.yml with latest metadata support...
2025-08-03 01:00:51 [SUCCESS] ✓ Updated project.yml with enhanced metadata
2025-08-03 01:00:51 [INFO] Updating serena_config.yaml with latest features...
2025-08-03 01:00:51 [SUCCESS] ✓ Updated serena_config.yaml with latest features
2025-08-03 01:00:51 [INFO] Verifying Serena installation and configuration...
2025-08-03 01:00:51 [INFO] Testing Serena startup...
2025-08-03 01:00:52 [SUCCESS] ✓ Serena startup test passed
2025-08-03 01:00:52 [INFO] Validating configuration files...
2025-08-03 01:00:52 [ERROR] ✗ serena_config.yaml syntax invalid
2025-08-03 01:00:52 [ERROR] Verification failed
2025-08-03 01:29:49 [INFO] Setting up directories...
2025-08-03 01:29:49 [INFO] Checking for latest Serena version and changelog...
2025-08-03 01:29:50 [INFO] Latest release: v0.1.3
2025-08-03 01:29:50 [INFO] ✓ Downloaded latest changelog
2025-08-03 01:29:52 [INFO] Current version: unknown
2025-08-03 01:29:52 [INFO] Analyzing changelog for new metadata fields and configuration options...
2025-08-03 01:29:52 [SUCCESS] ✓ Analysis complete. Report saved to update_analysis.txt
2025-08-03 01:29:52 [INFO] Creating backup and updating configuration...
2025-08-03 01:29:52 [INFO] ✓ Backed up serena_config.yaml
2025-08-03 01:29:52 [INFO] ✓ Backed up project.yml
2025-08-03 01:29:52 [INFO] ✓ Backed up memories directory
2025-08-03 01:29:52 [SUCCESS] ✓ Backup created at: /Users/killerkidbo/dotfiles/.serena/backups/backup_20250803_012952
2025-08-03 01:29:52 [INFO] Updating project.yml with latest metadata support...
2025-08-03 01:29:52 [SUCCESS] ✓ Updated project.yml with enhanced metadata
2025-08-03 01:29:52 [INFO] Updating serena_config.yaml with latest features...
2025-08-03 01:29:52 [SUCCESS] ✓ Updated serena_config.yaml with latest features
2025-08-03 01:29:52 [INFO] Verifying Serena installation and configuration...
2025-08-03 01:29:52 [INFO] Testing Serena startup...
2025-08-03 01:29:53 [SUCCESS] ✓ Serena startup test passed
2025-08-03 01:29:53 [INFO] Validating configuration files...
2025-08-03 01:29:53 [ERROR] ✗ serena_config.yaml syntax invalid
2025-08-03 01:29:53 [ERROR] Verification failed
2025-08-03 01:31:11 [INFO] Setting up directories...
2025-08-03 01:31:11 [INFO] Checking for latest Serena version and changelog...
2025-08-03 01:31:11 [INFO] Latest release: v0.1.3
2025-08-03 01:31:11 [INFO] ✓ Downloaded latest changelog
2025-08-03 01:31:13 [INFO] Current version: unknown
2025-08-03 01:31:13 [INFO] Analyzing changelog for new metadata fields and configuration options...
2025-08-03 01:31:13 [SUCCESS] ✓ Analysis complete. Report saved to update_analysis.txt
2025-08-03 01:31:13 [INFO] Creating backup and updating configuration...
2025-08-03 01:31:13 [INFO] ✓ Backed up serena_config.yaml
2025-08-03 01:31:13 [INFO] ✓ Backed up project.yml
2025-08-03 01:31:13 [INFO] ✓ Backed up memories directory
2025-08-03 01:31:13 [SUCCESS] ✓ Backup created at: /Users/killerkidbo/dotfiles/.serena/backups/backup_20250803_013113
2025-08-03 01:31:13 [INFO] Updating project.yml with latest metadata support...
2025-08-03 01:31:13 [SUCCESS] ✓ Updated project.yml with enhanced metadata
2025-08-03 01:31:13 [INFO] Updating serena_config.yaml with latest features...
2025-08-03 01:31:13 [SUCCESS] ✓ Updated serena_config.yaml with latest features
2025-08-03 01:31:13 [INFO] Verifying Serena installation and configuration...
2025-08-03 01:31:13 [INFO] Testing Serena startup...
2025-08-03 01:31:14 [SUCCESS] ✓ Serena startup test passed
2025-08-03 01:31:14 [INFO] Validating configuration files...
2025-08-03 01:31:14 [ERROR] ✗ serena_config.yaml syntax invalid
2025-08-03 01:31:14 [ERROR] Verification failed
